<?xml version="1.0" encoding="UTF-8"?>
<!-- Generated by org.testng.reporters.JUnitReportReporter -->
<testsuite hostname="Shankar" failures="0" tests="1" name="practice.task2" time="41.418" errors="0" timestamp="2024-03-25T18:27:34 IST" skipped="0">
  <testcase classname="practice.task2" name="task2" time="41.418"/>
  <system-out/>
</testsuite> <!-- practice.task2 -->
