<?xml version="1.0" encoding="UTF-8"?>
<!-- Generated by org.testng.reporters.JUnitReportReporter -->
<testsuite hostname="Shankar" failures="0" tests="1" name="CRUD_Operation_Without_BDD.deleteProject" time="5.158" errors="0" timestamp="2024-03-21T12:02:39 IST" skipped="0">
  <testcase classname="CRUD_Operation_Without_BDD.deleteProject" name="main" time="5.158"/>
  <system-out/>
</testsuite> <!-- CRUD_Operation_Without_BDD.deleteProject -->
