<?xml version="1.0" encoding="UTF-8"?>
<!-- Generated by org.testng.reporters.JUnitReportReporter -->
<testsuite hostname="Shankar" failures="0" tests="1" name="regress.ValidationOfResponseBody" time="7.030" errors="0" timestamp="2024-03-21T20:43:46 IST" skipped="0">
  <testcase classname="regress.ValidationOfResponseBody" name="DynamicResponseBody" time="7.030"/>
  <system-out/>
</testsuite> <!-- regress.ValidationOfResponseBody -->
