<?xml version="1.0" encoding="UTF-8"?>
<!-- Generated by org.testng.reporters.JUnitReportReporter -->
<testsuite hostname="Shankar" failures="0" tests="4" name="dataDriven.DataDrivenTestingUsingRmgServer" time="9.551" errors="0" timestamp="2024-03-22T11:29:00 IST" skipped="0">
  <testcase classname="dataDriven.DataDrivenTestingUsingRmgServer" name="createMultipleData" time="0.293"/>
  <system-out/>
  <testcase classname="dataDriven.DataDrivenTestingUsingRmgServer" name="createMultipleData" time="6.837"/>
  <system-out/>
  <testcase classname="dataDriven.DataDrivenTestingUsingRmgServer" name="createMultipleData" time="0.619"/>
  <system-out/>
  <testcase classname="dataDriven.DataDrivenTestingUsingRmgServer" name="createMultipleData" time="1.802"/>
  <system-out/>
</testsuite> <!-- dataDriven.DataDrivenTestingUsingRmgServer -->
