<?xml version="1.0" encoding="UTF-8"?>
<!-- Generated by org.testng.reporters.JUnitReportReporter -->
<testsuite hostname="Shankar" failures="0" tests="1" name="authentication.Basic_Auth" time="6.035" errors="0" timestamp="2024-03-22T12:12:45 IST" skipped="0">
  <testcase classname="authentication.Basic_Auth" name="digest" time="6.035"/>
  <system-out/>
</testsuite> <!-- authentication.Basic_Auth -->
