<?xml version="1.0" encoding="UTF-8"?>
<!-- Generated by org.testng.reporters.JUnitReportReporter -->
<testsuite hostname="Shankar" failures="0" tests="1" name="CRUD_Operation_Without_BDD.crudopaeraion" time="5.817" errors="0" timestamp="2024-03-21T11:44:27 IST" skipped="0">
  <testcase classname="CRUD_Operation_Without_BDD.crudopaeraion" name="trail" time="5.817"/>
  <system-out/>
</testsuite> <!-- CRUD_Operation_Without_BDD.crudopaeraion -->
