<?xml version="1.0" encoding="UTF-8"?>
<!-- Generated by org.testng.reporters.JUnitReportReporter -->
<testsuite hostname="Shankar" failures="0" tests="8" name="regress.Regress" time="10.187" errors="0" timestamp="2024-03-21T14:55:47 IST" skipped="0">
  <testcase classname="regress.Regress" name="deleteUser" time="0.622"/>
  <system-out/>
  <testcase classname="regress.Regress" name="create" time="6.494"/>
  <system-out/>
  <testcase classname="regress.Regress" name="create" time="0.631"/>
  <system-out/>
  <testcase classname="regress.Regress" name="getSingleUser" time="0.179"/>
  <system-out/>
  <testcase classname="regress.Regress" name="create" time="0.765"/>
  <system-out/>
  <testcase classname="regress.Regress" name="create" time="0.581"/>
  <system-out/>
  <testcase classname="regress.Regress" name="getAllUsers" time="0.242"/>
  <system-out/>
  <testcase classname="regress.Regress" name="create" time="0.673"/>
  <system-out/>
</testsuite> <!-- regress.Regress -->
