<?xml version="1.0" encoding="UTF-8"?>
<!-- Generated by org.testng.reporters.JUnitReportReporter -->
<testsuite hostname="Shankar" failures="0" tests="1" name="practice.task4" time="0.936" errors="0" timestamp="2024-03-26T17:11:25 IST" skipped="0">
  <testcase classname="practice.task4" name="t1" time="0.936"/>
  <system-out/>
</testsuite> <!-- practice.task4 -->
