<?xml version="1.0" encoding="UTF-8"?>
<!-- Generated by org.testng.reporters.JUnitReportReporter -->
<testsuite hostname="Shankar" failures="0" tests="1" name="practice.task3" time="28.260" errors="0" timestamp="2024-03-26T15:22:48 IST" skipped="0">
  <testcase classname="practice.task3" name="task3" time="28.260"/>
  <system-out/>
</testsuite> <!-- practice.task3 -->
