<?xml version="1.0" encoding="UTF-8"?>
<!-- Generated by org.testng.reporters.JUnitReportReporter -->
<testsuite hostname="Shankar" failures="0" tests="1" name="ResponseBodyValidation.dynamicResponseBody" time="7.791" errors="0" timestamp="2024-03-21T16:33:51 IST" skipped="0">
  <testcase classname="ResponseBodyValidation.dynamicResponseBody" name="dynamicPath" time="7.791"/>
  <system-out/>
</testsuite> <!-- ResponseBodyValidation.dynamicResponseBody -->
