<?xml version="1.0" encoding="UTF-8"?>
<!-- Generated by org.testng.reporters.JUnitReportReporter -->
<testsuite hostname="Shankar" failures="0" tests="1" name="authentication.auth20_coopsApi" time="21.917" errors="0" timestamp="2024-04-17T14:27:16 IST" skipped="0">
  <testcase classname="authentication.auth20_coopsApi" name="auth2_0" time="21.917"/>
  <system-out/>
</testsuite> <!-- authentication.auth20_coopsApi -->
