<?xml version="1.0" encoding="UTF-8"?>
<!-- Generated by org.testng.reporters.JUnitReportReporter -->
<testsuite hostname="Shankar" failures="0" tests="2" name="serilization_deserilization.serilization_deserilizationWithArray" time="0.687" errors="0" timestamp="2024-03-22T15:55:26 IST" skipped="0">
  <testcase classname="serilization_deserilization.serilization_deserilizationWithArray" name="Serilization" time="0.609"/>
  <system-out/>
  <testcase classname="serilization_deserilization.serilization_deserilizationWithArray" name="deserilization" time="0.078"/>
  <system-out/>
</testsuite> <!-- serilization_deserilization.serilization_deserilizationWithArray -->
