<?xml version="1.0" encoding="UTF-8"?>
<!-- Generated by org.testng.reporters.JUnitReportReporter -->
<testsuite hostname="Shankar" failures="0" tests="1" name="CRUD_Operation_Without_BDD.updateProject" time="5.577" errors="0" timestamp="2024-03-21T11:36:49 IST" skipped="0">
  <testcase classname="CRUD_Operation_Without_BDD.updateProject" name="update" time="5.577"/>
  <system-out/>
</testsuite> <!-- CRUD_Operation_Without_BDD.updateProject -->
