<?xml version="1.0" encoding="UTF-8"?>
<!-- Generated by org.testng.reporters.JUnitReportReporter -->
<testsuite hostname="Shankar" failures="0" tests="1" name="DifferentWays_to_Post_Request.PostRequest_Using_HashMap_AND_JSONObject" time="6.274" errors="0" timestamp="2024-03-21T13:23:35 IST" skipped="0">
  <testcase classname="DifferentWays_to_Post_Request.PostRequest_Using_HashMap_AND_JSONObject" name="createproject" time="6.274"/>
  <system-out/>
</testsuite> <!-- DifferentWays_to_Post_Request.PostRequest_Using_HashMap_AND_JSONObject -->
