<?xml version="1.0" encoding="UTF-8"?>
<!-- Generated by org.testng.reporters.JUnitReportReporter -->
<testsuite hostname="Shankar" failures="0" tests="1" name="regress.crudOperation_Without_BDD" time="5.583" errors="0" timestamp="2024-03-21T18:05:24 IST" skipped="0">
  <testcase classname="regress.crudOperation_Without_BDD" name="deleteProject" time="5.583"/>
  <system-out/>
</testsuite> <!-- regress.crudOperation_Without_BDD -->
