<?xml version="1.0" encoding="UTF-8"?>
<!-- Generated by org.testng.reporters.JUnitReportReporter -->
<testsuite hostname="Shankar" failures="0" tests="4" name="RequestChaining.rmgTestingServer" time="5.775" errors="0" timestamp="2024-03-22T11:10:48 IST" skipped="0">
  <testcase classname="RequestChaining.rmgTestingServer" name="createMultipleData" time="0.167"/>
  <system-out/>
  <testcase classname="RequestChaining.rmgTestingServer" name="createMultipleData" time="0.170"/>
  <system-out/>
  <testcase classname="RequestChaining.rmgTestingServer" name="createMultipleData" time="0.206"/>
  <system-out/>
  <testcase classname="RequestChaining.rmgTestingServer" name="createMultipleData" time="5.232"/>
  <system-out/>
</testsuite> <!-- RequestChaining.rmgTestingServer -->
