<?xml version="1.0" encoding="UTF-8"?>
<!-- Generated by org.testng.reporters.JUnitReportReporter -->
<testsuite hostname="Shankar" failures="0" tests="1" name="DifferentWays_to_Post_Request.PostRequest_Using_HashMap" time="6.372" errors="0" timestamp="2024-03-21T13:20:12 IST" skipped="0">
  <testcase classname="DifferentWays_to_Post_Request.PostRequest_Using_HashMap" name="createproject" time="6.372"/>
  <system-out/>
</testsuite> <!-- DifferentWays_to_Post_Request.PostRequest_Using_HashMap -->
