<?xml version="1.0" encoding="UTF-8"?>
<!-- Generated by org.testng.reporters.JUnitReportReporter -->
<testsuite hostname="Shankar" failures="0" tests="1" name="ResponseBodyValidation.StaticResponseBody" time="19.713" errors="0" timestamp="2024-03-21T16:24:04 IST" skipped="0">
  <testcase classname="ResponseBodyValidation.StaticResponseBody" name="responseValidation" time="19.713"/>
  <system-out/>
</testsuite> <!-- ResponseBodyValidation.StaticResponseBody -->
