<?xml version="1.0" encoding="UTF-8"?>
<!-- Generated by org.testng.reporters.JUnitReportReporter -->
<testsuite hostname="Shankar" failures="0" tests="1" name="DataBaseConnection.DataDabse" time="1.057" errors="0" timestamp="2024-03-26T17:01:01 IST" skipped="0">
  <testcase classname="DataBaseConnection.DataDabse" name="name" time="1.057"/>
  <system-out/>
</testsuite> <!-- DataBaseConnection.DataDabse -->
