<?xml version="1.0" encoding="UTF-8"?>
<!-- Generated by org.testng.reporters.JUnitReportReporter -->
<testsuite hostname="Shankar" failures="0" tests="2" name="authentication.BearerToken" time="8.301" errors="0" timestamp="2024-03-22T13:12:55 IST" skipped="0">
  <testcase classname="authentication.BearerToken" name="delete" time="0.904"/>
  <system-out/>
  <testcase classname="authentication.BearerToken" name="bearerToken" time="7.397"/>
  <system-out/>
</testsuite> <!-- authentication.BearerToken -->
