<?xml version="1.0" encoding="UTF-8"?>
<!-- Generated by org.testng.reporters.JUnitReportReporter -->
<testsuite hostname="Shankar" failures="0" tests="1" name="practice.testYantra" time="22.245" errors="0" timestamp="2024-03-26T16:32:25 IST" skipped="0">
  <testcase classname="practice.testYantra" name="name" time="22.245"/>
  <system-out/>
</testsuite> <!-- practice.testYantra -->
