<?xml version="1.0" encoding="UTF-8"?>
<!-- Generated by org.testng.reporters.JUnitReportReporter -->
<testsuite hostname="Shankar" failures="0" tests="1" name="CRUD_Operation_Without_BDD.GetProject" time="5.029" errors="0" timestamp="2024-03-21T11:42:27 IST" skipped="0">
  <testcase classname="CRUD_Operation_Without_BDD.GetProject" name="getProject" time="5.029"/>
  <system-out/>
</testsuite> <!-- CRUD_Operation_Without_BDD.GetProject -->
