<?xml version="1.0" encoding="UTF-8"?>
<!-- Generated by org.testng.reporters.JUnitReportReporter -->
<testsuite hostname="Shankar" failures="0" tests="1" name="parametersInRestAssured.parmeters" time="4.944" errors="0" timestamp="2024-03-22T10:17:42 IST" skipped="0">
  <testcase classname="parametersInRestAssured.parmeters" name="formParameters" time="4.944"/>
  <system-out/>
</testsuite> <!-- parametersInRestAssured.parmeters -->
