<?xml version="1.0" encoding="UTF-8"?>
<!-- Generated by org.testng.reporters.JUnitReportReporter -->
<testsuite hostname="Shankar" failures="0" tests="1" name="regress.DifferentWaysTo_Post_Request" time="6.312" errors="0" timestamp="2024-03-21T20:24:17 IST" skipped="0">
  <testcase classname="regress.DifferentWaysTo_Post_Request" name="createPostUsingPOJOclass" time="6.312"/>
  <system-out/>
</testsuite> <!-- regress.DifferentWaysTo_Post_Request -->
