<?xml version="1.0" encoding="UTF-8"?>
<!-- Generated by org.testng.reporters.JUnitReportReporter -->
<testsuite hostname="Shankar" failures="0" tests="1" name="CRUD_Operation_With_BDD.project" time="4.937" errors="0" timestamp="2024-03-22T10:03:19 IST" skipped="0">
  <testcase classname="CRUD_Operation_With_BDD.project" name="getAllProject" time="4.937"/>
  <system-out/>
</testsuite> <!-- CRUD_Operation_With_BDD.project -->
